
2025-06-01 22:29:05,756 - INFO - Successfully converted: Birthday_2k24.mp4
2025-06-01 23:04:49,557 - INFO - Successfully converted: Vid_20240803_204112.mp4
2025-06-16 11:55:46,357 - INFO - Successfully converted: Birthday_2k24.mp4
2025-06-17 20:56:13,091 - INFO - Successfully converted: Birthday_2k24.mp4
2025-06-17 20:58:09,803 - INFO - Successfully converted: Birthday_2k24.mp4
2025-06-17 21:04:51,092 - INFO - Successfully converted: Birthday_2k24.mp4
2025-06-17 21:14:02,594 - INFO - Successfully converted: Birthday_2k24.mp4
2025-06-17 21:27:01,335 - INFO - Successfully converted: Birthday_2k24.mp4
2025-07-19 17:10:24,004 - INFO - Successfully converted: CID.S02E54.480p.Hindi.WEB-DL.AAC.x264-HDHub4u.Ms.mkv
2025-07-19 17:10:24,054 - ERROR - Error during file cleanup: [WinError 32] The process cannot access the file because it is being used by another process: 'd:\\Programing\\Programing\\MP4 to MP4\\uploads\\CID.S02E54.480p.Hindi.WEB-DL.AAC.x264-HDHub4u.Ms.mkv'
2025-07-19 17:11:24,481 - INFO - Successfully converted: CID.S02E54.480p.Hindi.WEB-DL.AAC.x264-HDHub4u.Ms.mkv
2025-07-19 21:59:26,820 - INFO - Successfully converted: CID.S02E54.480p.Hindi.WEB-DL.AAC.x264-HDHub4u.Ms.mkv
2025-07-19 22:11:03,832 - INFO - Successfully converted: CID.S02E54.480p.Hindi.WEB-DL.AAC.x264-HDHub4u.Ms.mkv
2025-07-19 22:27:36,101 - INFO - Successfully converted: CID.S02E54.480p.Hindi.WEB-DL.AAC.x264-HDHub4u.Ms.mkv
2025-07-19 23:09:20,351 - INFO - Successfully converted: CID.S02E54.480p.Hindi.WEB-DL.AAC.x264-HDHub4u.Ms.mkv
2025-07-19 23:28:08,216 - ERROR - Conversion failed for Beige_And_Maroon_Minimal_Ram_Navami_Greeting_Instagram_Story.mp4
2025-07-19 23:28:45,568 - ERROR - Conversion failed for Beige_And_Maroon_Minimal_Ram_Navami_Greeting_Instagram_Story.mp4
2025-07-19 23:30:52,840 - ERROR - Conversion failed for Beige_And_Maroon_Minimal_Ram_Navami_Greeting_Instagram_Story.mp4
2025-07-19 23:30:55,470 - ERROR - Conversion failed for Beige_And_Maroon_Minimal_Ram_Navami_Greeting_Instagram_Story.mp4
2025-07-19 23:32:18,906 - ERROR - Conversion failed for Beige_And_Maroon_Minimal_Ram_Navami_Greeting_Instagram_Story.mp4
2025-07-19 23:35:33,899 - ERROR - No audio stream found in Beige_And_Maroon_Minimal_Ram_Navami_Greeting_Instagram_Story.mp4
2025-07-19 23:36:20,963 - INFO - Successfully converted: Screen_Recording_2025-03-13_220237.mp4
2025-07-19 23:36:34,279 - INFO - Successfully converted: Screen_Recording_2025-05-18_003641.mp4
2025-07-19 23:53:58,603 - INFO - Successfully converted: Screen_Recording_2025-03-13_220237.mp4
2025-07-19 23:55:04,565 - INFO - Successfully converted: Screen_Recording_2025-05-30_232454.mp4
2025-07-20 00:12:45,067 - INFO - Successfully converted: Screen_Recording_2025-05-30_232454.mp4
2025-07-20 00:14:52,116 - INFO - Successfully converted: Screen_Recording_2025-05-18_003641.mp4
